0 verbose cli /usr/bin/node /usr/bin/npm
1 info using npm@10.9.1
2 info using node@v22.23.0
3 silly config load:file:/usr/lib/node_modules/npm/npmrc
4 silly config load:file:/public/.cache/typescript/6.0/.npmrc
5 silly config load:file:/public/.npmrc
6 silly config load:file:/etc/npmrc
7 verbose title npm install @types/react@ts6.0
8 verbose argv "install" "--ignore-scripts" "@types/react@ts6.0" "--save-dev" "--user-agent" "typesInstaller/6.0.3"
9 verbose logfile logs-max:10 dir:/public/.npm/_logs/2026-06-30T18_04_09_284Z-
10 verbose logfile /public/.npm/_logs/2026-06-30T18_04_09_284Z-debug-0.log
11 silly logfile done cleaning log files
12 silly packumentCache heap:2197815296 maxSize:549453824 maxEntrySize:274726912
13 silly packumentCache corgi:https://registry.npmjs.org/@types%2freact cache-miss
14 http fetch GET https://registry.npmjs.org/@types%2freact attempt 1 failed with EAI_AGAIN
15 http fetch GET 200 https://registry.npmjs.org/@types%2freact 19370ms attempt #2 (cache miss)
16 silly packumentCache corgi:https://registry.npmjs.org/@types%2freact set size:undefined disposed:false
17 silly idealTree buildDeps
18 silly fetch manifest @types/react@19.2.17
19 silly packumentCache full:https://registry.npmjs.org/@types%2freact cache-miss
20 http fetch GET 200 https://registry.npmjs.org/@types%2freact 967ms (cache miss)
21 silly packumentCache full:https://registry.npmjs.org/@types%2freact set size:undefined disposed:false
22 silly placeDep ROOT @types/react@19.2.17 OK for:  want: 19.2.17
23 silly fetch manifest csstype@^3.2.2
24 silly packumentCache full:https://registry.npmjs.org/csstype cache-miss
25 http fetch GET 200 https://registry.npmjs.org/csstype 275ms (cache miss)
26 silly packumentCache full:https://registry.npmjs.org/csstype set size:undefined disposed:false
27 silly placeDep ROOT csstype@3.2.3 OK for: @types/react@19.2.17 want: ^3.2.2
28 silly reify moves {}
29 silly audit bulk request {
29 silly audit   'types-registry': [ '0.1.776' ],
29 silly audit   '@types/react': [ '19.2.17' ],
29 silly audit   csstype: [ '3.2.3' ]
29 silly audit }
30 http cache csstype@https://registry.npmjs.org/csstype/-/csstype-3.2.3.tgz 1ms (cache hit)
31 http cache @types/react@https://registry.npmjs.org/@types/react/-/react-19.2.17.tgz 1ms (cache hit)
32 silly tarball no local data for csstype@https://registry.npmjs.org/csstype/-/csstype-3.2.3.tgz. Extracting by manifest.
33 silly tarball no local data for @types/react@https://registry.npmjs.org/@types/react/-/react-19.2.17.tgz. Extracting by manifest.
34 http fetch POST 200 https://registry.npmjs.org/-/npm/v1/security/advisories/bulk 20357ms
35 silly audit report {}
36 http fetch GET 200 https://registry.npmjs.org/@types/react/-/react-19.2.17.tgz 21636ms (cache miss)
37 http fetch GET 200 https://registry.npmjs.org/csstype/-/csstype-3.2.3.tgz 21664ms (cache miss)
38 silly ADD node_modules/csstype
39 silly ADD node_modules/@types/react
40 verbose cwd /public/.cache/typescript/6.0
41 verbose os Linux 6.12.38-android16-5-gb575a0b6e647-ab14355190-4k
42 verbose node v22.23.0
43 verbose npm  v10.9.1
44 verbose exit 0
45 info ok
