0 verbose cli /usr/bin/node /usr/bin/npm
1 info using npm@10.9.1
2 info using node@v22.23.0
3 silly config load:file:/usr/lib/node_modules/npm/npmrc
4 silly config load:file:/public/.cache/typescript/6.0/.npmrc
5 silly config load:file:/public/.npmrc
6 silly config load:file:/etc/npmrc
7 verbose title npm install types-registry@latest
8 verbose argv "install" "--ignore-scripts" "types-registry@latest"
9 verbose logfile logs-max:10 dir:/public/.npm/_logs/2026-07-01T20_30_16_030Z-
10 verbose logfile /public/.npm/_logs/2026-07-01T20_30_16_030Z-debug-0.log
11 silly logfile done cleaning log files
12 silly packumentCache heap:2197815296 maxSize:549453824 maxEntrySize:274726912
13 silly packumentCache corgi:https://registry.npmjs.org/types-registry cache-miss
14 http fetch GET https://registry.npmjs.org/types-registry attempt 1 failed with EAI_AGAIN
15 http fetch GET https://registry.npmjs.org/types-registry attempt 2 failed with EAI_AGAIN
16 http fetch GET https://registry.npmjs.org/types-registry attempt 3 failed with EAI_AGAIN
17 verbose cwd /public/.cache/typescript/6.0
18 verbose os Linux 6.12.38-android16-5-gb575a0b6e647-ab14355190-4k
19 verbose node v22.23.0
20 verbose npm  v10.9.1
21 verbose exit 1
22 verbose code 1
23 error A complete log of this run can be found in: /public/.npm/_logs/2026-07-01T20_30_16_030Z-debug-0.log
